<?xml version="1.0" encoding="UTF-8"?>
<!-- Generated by org.testng.reporters.JUnitXMLReporter -->
<testsuite ignored="0" hostname="Vrushalis-MacBook-Air.local" failures="0" tests="1" name="Test Scenario 1 - Chrome Windows" time="0.243" errors="0" timestamp="2026-02-17T00:07:01 IST">
  <testcase classname="tests.BaseTest" name="@BeforeMethod setup" time="0.231">
    <failure type="org.openqa.selenium.SessionNotCreatedException" message="Could not start a new session. Possible causes are invalid address of the remote server or browser start-up failure. 
Host info: host: &amp;apos;Vrushalis-MacBook-Air.local&amp;apos;, ip: &amp;apos;2405:201:100f:f00b:25df:cdfa:bee7:d9d1%en0&amp;apos;
Build info: version: &amp;apos;4.18.1&amp;apos;, revision: &amp;apos;b1d3319b48&amp;apos;
System info: os.name: &amp;apos;Mac OS X&amp;apos;, os.arch: &amp;apos;aarch64&amp;apos;, os.version: &amp;apos;15.7.3&amp;apos;, java.version: &amp;apos;17.0.18&amp;apos;
Driver info: org.openqa.selenium.remote.RemoteWebDriver
Command: [null, newSession {capabilities=[Capabilities {browserName: Chrome, browserVersion: 128.0, goog:chromeOptions: {args: [], extensions: []}, platformName: Windows 10, testmu:options: {build: Selenium Advanced Assignment, consoleLogs: true, name: Scenario 1 - Chrome Windows 10, networkLogs: true, screenshots: true, video: true}}]}]
Capabilities {browserName: Chrome, browserVersion: 128.0, goog:chromeOptions: {args: [], extensions: []}, platformName: Windows 10, testmu:options: {build: Selenium Advanced Assignment, consoleLogs: true, name: Scenario 1 - Chrome Windows 10, networkLogs: true, screenshots: true, video: true}}">
      <![CDATA[org.openqa.selenium.SessionNotCreatedException: Could not start a new session. Possible causes are invalid address of the remote server or browser start-up failure. 
Host info: host: 'Vrushalis-MacBook-Air.local', ip: '2405:201:100f:f00b:25df:cdfa:bee7:d9d1%en0'
Build info: version: '4.18.1', revision: 'b1d3319b48'
System info: os.name: 'Mac OS X', os.arch: 'aarch64', os.version: '15.7.3', java.version: '17.0.18'
Driver info: org.openqa.selenium.remote.RemoteWebDriver
Command: [null, newSession {capabilities=[Capabilities {browserName: Chrome, browserVersion: 128.0, goog:chromeOptions: {args: [], extensions: []}, platformName: Windows 10, testmu:options: {build: Selenium Advanced Assignment, consoleLogs: true, name: Scenario 1 - Chrome Windows 10, networkLogs: true, screenshots: true, video: true}}]}]
Capabilities {browserName: Chrome, browserVersion: 128.0, goog:chromeOptions: {args: [], extensions: []}, platformName: Windows 10, testmu:options: {build: Selenium Advanced Assignment, consoleLogs: true, name: Scenario 1 - Chrome Windows 10, networkLogs: true, screenshots: true, video: true}}
at org.openqa.selenium.remote.RemoteWebDriver.execute(RemoteWebDriver.java:537)
at org.openqa.selenium.remote.RemoteWebDriver.startSession(RemoteWebDriver.java:233)
at org.openqa.selenium.remote.RemoteWebDriver.<init>(RemoteWebDriver.java:162)
at org.openqa.selenium.remote.RemoteWebDriver.<init>(RemoteWebDriver.java:142)
at tests.BaseTest.setup(BaseTest.java:63)
at java.base/java.util.concurrent.Executors$RunnableAdapter.call(Executors.java:539)
at java.base/java.util.concurrent.FutureTask.run(FutureTask.java:264)
at java.base/java.util.concurrent.ThreadPoolExecutor.runWorker(ThreadPoolExecutor.java:1136)
at java.base/java.util.concurrent.ThreadPoolExecutor$Worker.run(ThreadPoolExecutor.java:635)
at java.base/java.lang.Thread.run(Thread.java:840)
Caused by: java.io.UncheckedIOException: java.net.ConnectException
at org.openqa.selenium.remote.http.jdk.JdkHttpClient.execute0(JdkHttpClient.java:443)
at org.openqa.selenium.remote.http.AddSeleniumUserAgent.lambda$apply$0(AddSeleniumUserAgent.java:42)
at org.openqa.selenium.remote.http.Filter.lambda$andFinally$1(Filter.java:55)
at org.openqa.selenium.remote.http.jdk.JdkHttpClient.execute(JdkHttpClient.java:359)
at org.openqa.selenium.remote.tracing.TracedHttpClient.execute(TracedHttpClient.java:54)
at org.openqa.selenium.remote.ProtocolHandshake.createSession(ProtocolHandshake.java:114)
at org.openqa.selenium.remote.ProtocolHandshake.createSession(ProtocolHandshake.java:95)
at org.openqa.selenium.remote.ProtocolHandshake.createSession(ProtocolHandshake.java:67)
at org.openqa.selenium.remote.HttpCommandExecutor.execute(HttpCommandExecutor.java:162)
at org.openqa.selenium.remote.TracedCommandExecutor.execute(TracedCommandExecutor.java:51)
at org.openqa.selenium.remote.RemoteWebDriver.execute(RemoteWebDriver.java:519)
... 26 more
Caused by: java.net.ConnectException
at java.net.http/jdk.internal.net.http.common.Utils.toConnectException(Utils.java:1107)
at java.net.http/jdk.internal.net.http.PlainHttpConnection.connectAsync(PlainHttpConnection.java:203)
at java.net.http/jdk.internal.net.http.AsyncSSLConnection.connectAsync(AsyncSSLConnection.java:56)
at java.net.http/jdk.internal.net.http.Http2Connection.createAsync(Http2Connection.java:450)
at java.net.http/jdk.internal.net.http.Http2ClientImpl.getConnectionFor(Http2ClientImpl.java:133)
at java.net.http/jdk.internal.net.http.ExchangeImpl.get(ExchangeImpl.java:98)
at java.net.http/jdk.internal.net.http.Exchange.establishExchange(Exchange.java:374)
at java.net.http/jdk.internal.net.http.Exchange.responseAsyncImpl0(Exchange.java:567)
at java.net.http/jdk.internal.net.http.Exchange.responseAsyncImpl(Exchange.java:411)
at java.net.http/jdk.internal.net.http.Exchange.responseAsync(Exchange.java:403)
at java.net.http/jdk.internal.net.http.MultiExchange.responseAsyncImpl(MultiExchange.java:430)
at java.net.http/jdk.internal.net.http.MultiExchange.lambda$responseAsyncImpl$7(MultiExchange.java:471)
at java.base/java.util.concurrent.CompletableFuture.uniHandle(CompletableFuture.java:934)
at java.base/java.util.concurrent.CompletableFuture.uniHandleStage(CompletableFuture.java:950)
at java.base/java.util.concurrent.CompletableFuture.handle(CompletableFuture.java:2340)
at java.net.http/jdk.internal.net.http.MultiExchange.responseAsyncImpl(MultiExchange.java:461)
at java.net.http/jdk.internal.net.http.MultiExchange.lambda$responseAsync0$2(MultiExchange.java:350)
at java.base/java.util.concurrent.CompletableFuture$UniCompose.tryFire(CompletableFuture.java:1150)
at java.base/java.util.concurrent.CompletableFuture.postComplete(CompletableFuture.java:510)
at java.base/java.util.concurrent.CompletableFuture$AsyncSupply.run(CompletableFuture.java:1773)
... 3 more
Caused by: java.nio.channels.UnresolvedAddressException
at java.base/sun.nio.ch.Net.checkAddress(Net.java:159)
at java.base/sun.nio.ch.Net.checkAddress(Net.java:167)
at java.base/sun.nio.ch.SocketChannelImpl.checkRemote(SocketChannelImpl.java:816)
at java.base/sun.nio.ch.SocketChannelImpl.connect(SocketChannelImpl.java:839)
at java.net.http/jdk.internal.net.http.PlainHttpConnection.lambda$connectAsync$0(PlainHttpConnection.java:187)
at java.base/java.security.AccessController.doPrivileged(AccessController.java:569)
at java.net.http/jdk.internal.net.http.PlainHttpConnection.connectAsync(PlainHttpConnection.java:189)
... 21 more
... Removed 17 stack frames]]>
    </failure>
  </testcase> <!-- @BeforeMethod setup -->
  <testcase classname="tests.TestScenario1" name="runScenario1" time="0.0">
    <skipped/>
  </testcase> <!-- runScenario1 -->
</testsuite> <!-- Test Scenario 1 - Chrome Windows -->
