<?xml version="1.0" encoding="UTF-8"?>
<!-- Generated by org.testng.reporters.JUnitXMLReporter -->
<testsuite ignored="0" hostname="Vrushalis-MacBook-Air.local" failures="0" tests="2" name="Test Scenario 2 - Edge macOS" time="0.013" errors="0" timestamp="2026-02-17T00:07:01 IST">
  <testcase classname="tests.TestScenario1" name="runScenario1" time="0.0">
    <skipped/>
  </testcase> <!-- runScenario1 -->
  <testcase classname="tests.TestScenario2" name="runScenario2" time="0.0">
    <skipped/>
  </testcase> <!-- runScenario2 -->
</testsuite> <!-- Test Scenario 2 - Edge macOS -->
